2021/08/08 17:26:35 logger configurated successfully
2021/08/08 17:26:35 database configurated successfully
2021/08/08 17:26:35 router configurated successfully
2021/08/08 17:26:35 starting api server at port: :8080
2021/08/08 17:30:33 started POST /delete_event
2021/08/08 17:30:33 &{0xc00009a078 <nil> <nil> false true {0 0} false false false 0x648200}
2021/08/08 17:30:33 completed with 400 Bad Request in 162.835µs
2021/08/08 17:31:01 logger configurated successfully
2021/08/08 17:31:01 database configurated successfully
2021/08/08 17:31:01 router configurated successfully
2021/08/08 17:31:01 starting api server at port: :8080
2021/08/08 17:31:04 started POST /delete_event
2021/08/08 17:31:04 &{0xc00000e150 <nil> <nil> false true {0 0} false false false 0x648200}
2021/08/08 17:31:04 completed with 200 OK in 184.707µs
2021/08/08 17:32:45 logger configurated successfully
2021/08/08 17:32:45 database configurated successfully
2021/08/08 17:32:45 router configurated successfully
2021/08/08 17:32:45 starting api server at port: :8080
2021/08/08 17:32:48 started POST /delete_event
2021/08/08 17:32:48 [105 100 61 51 38 117 115 101 114 95 105 100 61 49 48 38 100 97 116 101 61 50 48 50 49 45 48 49 45 50 56 38 105 110 102 111 61 115 111 109 101 37 50 48 105 110 102 111 37 50 48 97 98 111 117 116 37 50 48 116 104 105 115 37 50 48 101 118 101 110 116]
2021/08/08 17:32:48 completed with 200 OK in 148.225µs
2021/08/08 17:33:14 logger configurated successfully
2021/08/08 17:33:14 database configurated successfully
2021/08/08 17:33:14 router configurated successfully
2021/08/08 17:33:14 starting api server at port: :8080
2021/08/08 17:33:17 started POST /delete_event
2021/08/08 17:33:17 id=3&user_id=10&date=2021-01-28&info=some%20info%20about%20this%20event
2021/08/08 17:33:17 completed with 200 OK in 139.788µs
2021/08/08 17:36:36 started POST /delete_event
2021/08/08 17:36:36 id=3&user_id=10&date=2021-01-28&info=what-to-do
2021/08/08 17:36:36 completed with 200 OK in 114.838µs
2021/08/08 17:40:37 logger configurated successfully
2021/08/08 17:40:37 database configurated successfully
2021/08/08 17:40:37 router configurated successfully
2021/08/08 17:40:37 starting api server at port: :8080
2021/08/08 17:40:39 started POST /delete_event
2021/08/08 17:40:39 map[date:[2021-01-28] id:[3] info:[what-to-do] user_id:[10]]
2021/08/08 17:40:39 completed with 200 OK in 157.114µs
2021/08/08 18:00:02 logger configurated successfully
2021/08/08 18:00:02 database configurated successfully
2021/08/08 18:00:02 router configurated successfully
2021/08/08 18:00:02 starting api server at port: :8080
2021/08/08 18:00:18 started POST /delete_event
2021/08/08 18:00:18 completed with 503 Service Unavailable in 150.689µs
2021/08/08 18:01:01 started POST /create_event
2021/08/08 18:01:01 completed with 400 Bad Request in 164.361µs
2021/08/08 18:01:34 logger configurated successfully
2021/08/08 18:01:34 database configurated successfully
2021/08/08 18:01:34 router configurated successfully
2021/08/08 18:01:34 starting api server at port: :8080
2021/08/08 18:01:37 started POST /create_event
2021/08/08 18:01:37 completed with 400 Bad Request in 127.942µs
2021/08/08 18:01:43 logger configurated successfully
2021/08/08 18:01:43 database configurated successfully
2021/08/08 18:01:43 router configurated successfully
2021/08/08 18:01:43 starting api server at port: :8080
2021/08/08 18:01:46 started POST /create_event
2021/08/08 18:01:46 completed with 400 Bad Request in 125.281µs
2021/08/08 18:02:54 logger configurated successfully
2021/08/08 18:02:54 database configurated successfully
2021/08/08 18:02:54 router configurated successfully
2021/08/08 18:02:54 starting api server at port: :8080
2021/08/08 18:02:56 started POST /create_event
2021/08/08 18:02:56 this one
2021/08/08 18:02:56 completed with 400 Bad Request in 157.076µs
2021/08/08 18:03:14 started POST /create_event
2021/08/08 18:03:14 http: panic serving 127.0.0.1:49686: runtime error: invalid memory address or nil pointer dereference
goroutine 19 [running]:
net/http.(*conn).serve.func1(0xc000134a00)
	/usr/local/go/src/net/http/server.go:1824 +0x153
panic(0x681c00, 0x87db20)
	/usr/local/go/src/runtime/panic.go:971 +0x499
github.com/vlasove/materials/tasks_2/utils/calendar/internal/app/apiserver.(*APIServer).decodeFormCreate(0xc000142140, 0xc0000900f0, 0x0, 0xc0000a0001, 0x21)
	/home/evgen/go/src/github.com/vlasove/materials/tasks_2/utils/calendar/internal/app/apiserver/apiserver.go:345 +0x98
github.com/vlasove/materials/tasks_2/utils/calendar/internal/app/apiserver.(*APIServer).handleCreate.func1(0x721790, 0xc0000a2018, 0xc000092000)
	/home/evgen/go/src/github.com/vlasove/materials/tasks_2/utils/calendar/internal/app/apiserver/apiserver.go:106 +0x173
net/http.HandlerFunc.ServeHTTP(0xc000110d70, 0x721790, 0xc0000a2018, 0xc000092000)
	/usr/local/go/src/net/http/server.go:2069 +0x44
net/http.(*ServeMux).ServeHTTP(0xc000154200, 0x721790, 0xc0000a2018, 0xc000092000)
	/usr/local/go/src/net/http/server.go:2448 +0x1ad
github.com/vlasove/materials/tasks_2/utils/calendar/internal/app/apiserver.(*APIServer).loggingMiddleware.func1(0x7219a0, 0xc0000aa000, 0xc000092000)
	/home/evgen/go/src/github.com/vlasove/materials/tasks_2/utils/calendar/internal/app/apiserver/middleware.go:17 +0x21d
net/http.HandlerFunc.ServeHTTP(0xc000142180, 0x7219a0, 0xc0000aa000, 0xc000092000)
	/usr/local/go/src/net/http/server.go:2069 +0x44
net/http.serverHandler.ServeHTTP(0xc000186000, 0x7219a0, 0xc0000aa000, 0xc000092000)
	/usr/local/go/src/net/http/server.go:2887 +0xa3
net/http.(*conn).serve(0xc000134a00, 0x721ee0, 0xc000154280)
	/usr/local/go/src/net/http/server.go:1952 +0x8cd
created by net/http.(*Server).Serve
	/usr/local/go/src/net/http/server.go:3013 +0x39b
2021/08/08 18:03:14 started POST /create_event
2021/08/08 18:03:14 http: panic serving 127.0.0.1:49702: runtime error: invalid memory address or nil pointer dereference
goroutine 35 [running]:
net/http.(*conn).serve.func1(0xc0000d2000)
	/usr/local/go/src/net/http/server.go:1824 +0x153
panic(0x681c00, 0x87db20)
	/usr/local/go/src/runtime/panic.go:971 +0x499
github.com/vlasove/materials/tasks_2/utils/calendar/internal/app/apiserver.(*APIServer).decodeFormCreate(0xc000142140, 0xc00006a180, 0x0, 0xc00001a101, 0x21)
	/home/evgen/go/src/github.com/vlasove/materials/tasks_2/utils/calendar/internal/app/apiserver/apiserver.go:345 +0x98
github.com/vlasove/materials/tasks_2/utils/calendar/internal/app/apiserver.(*APIServer).handleCreate.func1(0x721790, 0xc00000e030, 0xc000070000)
	/home/evgen/go/src/github.com/vlasove/materials/tasks_2/utils/calendar/internal/app/apiserver/apiserver.go:106 +0x173
net/http.HandlerFunc.ServeHTTP(0xc000110d70, 0x721790, 0xc00000e030, 0xc000070000)
	/usr/local/go/src/net/http/server.go:2069 +0x44
net/http.(*ServeMux).ServeHTTP(0xc000154200, 0x721790, 0xc00000e030, 0xc000070000)
	/usr/local/go/src/net/http/server.go:2448 +0x1ad
github.com/vlasove/materials/tasks_2/utils/calendar/internal/app/apiserver.(*APIServer).loggingMiddleware.func1(0x7219a0, 0xc000076000, 0xc000070000)
	/home/evgen/go/src/github.com/vlasove/materials/tasks_2/utils/calendar/internal/app/apiserver/middleware.go:17 +0x21d
net/http.HandlerFunc.ServeHTTP(0xc000142180, 0x7219a0, 0xc000076000, 0xc000070000)
	/usr/local/go/src/net/http/server.go:2069 +0x44
net/http.serverHandler.ServeHTTP(0xc000186000, 0x7219a0, 0xc000076000, 0xc000070000)
	/usr/local/go/src/net/http/server.go:2887 +0xa3
net/http.(*conn).serve(0xc0000d2000, 0x721ee0, 0xc00005e040)
	/usr/local/go/src/net/http/server.go:1952 +0x8cd
created by net/http.(*Server).Serve
	/usr/local/go/src/net/http/server.go:3013 +0x39b
2021/08/08 18:05:12 logger configurated successfully
2021/08/08 18:05:12 database configurated successfully
2021/08/08 18:05:12 router configurated successfully
2021/08/08 18:05:12 starting api server at port: :8080
2021/08/08 18:05:19 started POST /create_event
2021/08/08 18:05:19 http: panic serving 127.0.0.1:49940: runtime error: invalid memory address or nil pointer dereference
goroutine 6 [running]:
net/http.(*conn).serve.func1(0xc000108960)
	/usr/local/go/src/net/http/server.go:1824 +0x153
panic(0x681c00, 0x87db20)
	/usr/local/go/src/runtime/panic.go:971 +0x499
github.com/vlasove/materials/tasks_2/utils/calendar/internal/app/apiserver.(*APIServer).decodeFormCreate(0xc000028180, 0xc000073170, 0x0, 0xc00001a201, 0x21)
	/home/evgen/go/src/github.com/vlasove/materials/tasks_2/utils/calendar/internal/app/apiserver/apiserver.go:343 +0x98
github.com/vlasove/materials/tasks_2/utils/calendar/internal/app/apiserver.(*APIServer).handleCreate.func1(0x721750, 0xc00000e168, 0xc000168000)
	/home/evgen/go/src/github.com/vlasove/materials/tasks_2/utils/calendar/internal/app/apiserver/apiserver.go:106 +0x173
net/http.HandlerFunc.ServeHTTP(0xc000012d90, 0x721750, 0xc00000e168, 0xc000168000)
	/usr/local/go/src/net/http/server.go:2069 +0x44
net/http.(*ServeMux).ServeHTTP(0xc00005e240, 0x721750, 0xc00000e168, 0xc000168000)
	/usr/local/go/src/net/http/server.go:2448 +0x1ad
github.com/vlasove/materials/tasks_2/utils/calendar/internal/app/apiserver.(*APIServer).loggingMiddleware.func1(0x721960, 0xc00014e0e0, 0xc000168000)
	/home/evgen/go/src/github.com/vlasove/materials/tasks_2/utils/calendar/internal/app/apiserver/middleware.go:17 +0x21d
net/http.HandlerFunc.ServeHTTP(0xc0000281c0, 0x721960, 0xc00014e0e0, 0xc000168000)
	/usr/local/go/src/net/http/server.go:2069 +0x44
net/http.serverHandler.ServeHTTP(0xc00014e000, 0x721960, 0xc00014e0e0, 0xc000168000)
	/usr/local/go/src/net/http/server.go:2887 +0xa3
net/http.(*conn).serve(0xc000108960, 0x721ea0, 0xc00005e2c0)
	/usr/local/go/src/net/http/server.go:1952 +0x8cd
created by net/http.(*Server).Serve
	/usr/local/go/src/net/http/server.go:3013 +0x39b
2021/08/08 18:08:29 logger configurated successfully
2021/08/08 18:08:29 database configurated successfully
2021/08/08 18:08:29 router configurated successfully
2021/08/08 18:08:29 starting api server at port: :8080
2021/08/08 18:08:31 started POST /create_event
2021/08/08 18:08:31 http: panic serving 127.0.0.1:50196: runtime error: invalid memory address or nil pointer dereference
goroutine 6 [running]:
net/http.(*conn).serve.func1(0xc000108960)
	/usr/local/go/src/net/http/server.go:1824 +0x153
panic(0x681c00, 0x87db20)
	/usr/local/go/src/runtime/panic.go:971 +0x499
github.com/vlasove/materials/tasks_2/utils/calendar/internal/app/apiserver.(*APIServer).decodeFormCreate(0xc000028180, 0xc000073170, 0x0, 0xc00001a201, 0x21)
	/home/evgen/go/src/github.com/vlasove/materials/tasks_2/utils/calendar/internal/app/apiserver/apiserver.go:344 +0x98
github.com/vlasove/materials/tasks_2/utils/calendar/internal/app/apiserver.(*APIServer).handleCreate.func1(0x721750, 0xc00000e168, 0xc000168000)
	/home/evgen/go/src/github.com/vlasove/materials/tasks_2/utils/calendar/internal/app/apiserver/apiserver.go:107 +0x173
net/http.HandlerFunc.ServeHTTP(0xc000012d90, 0x721750, 0xc00000e168, 0xc000168000)
	/usr/local/go/src/net/http/server.go:2069 +0x44
net/http.(*ServeMux).ServeHTTP(0xc00005e240, 0x721750, 0xc00000e168, 0xc000168000)
	/usr/local/go/src/net/http/server.go:2448 +0x1ad
github.com/vlasove/materials/tasks_2/utils/calendar/internal/app/apiserver.(*APIServer).loggingMiddleware.func1(0x721960, 0xc00014e0e0, 0xc000168000)
	/home/evgen/go/src/github.com/vlasove/materials/tasks_2/utils/calendar/internal/app/apiserver/middleware.go:17 +0x21d
net/http.HandlerFunc.ServeHTTP(0xc0000281c0, 0x721960, 0xc00014e0e0, 0xc000168000)
	/usr/local/go/src/net/http/server.go:2069 +0x44
net/http.serverHandler.ServeHTTP(0xc00014e000, 0x721960, 0xc00014e0e0, 0xc000168000)
	/usr/local/go/src/net/http/server.go:2887 +0xa3
net/http.(*conn).serve(0xc000108960, 0x721ea0, 0xc00005e2c0)
	/usr/local/go/src/net/http/server.go:1952 +0x8cd
created by net/http.(*Server).Serve
	/usr/local/go/src/net/http/server.go:3013 +0x39b
2021/08/08 18:14:39 logger configurated successfully
2021/08/08 18:14:39 database configurated successfully
2021/08/08 18:14:39 router configurated successfully
2021/08/08 18:14:39 starting api server at port: :8080
2021/08/08 18:14:41 started POST /create_event
2021/08/08 18:14:41 http: panic serving 127.0.0.1:50956: runtime error: invalid memory address or nil pointer dereference
goroutine 6 [running]:
net/http.(*conn).serve.func1(0xc000108960)
	/usr/local/go/src/net/http/server.go:1824 +0x153
panic(0x681c00, 0x87db20)
	/usr/local/go/src/runtime/panic.go:971 +0x499
github.com/vlasove/materials/tasks_2/utils/calendar/internal/app/apiserver.(*APIServer).decodeFormCreate(0xc000028180, 0xc000168000, 0x0, 0xc00001a201, 0x21)
	/home/evgen/go/src/github.com/vlasove/materials/tasks_2/utils/calendar/internal/app/apiserver/apiserver.go:343 +0x9f
github.com/vlasove/materials/tasks_2/utils/calendar/internal/app/apiserver.(*APIServer).handleCreate.func1(0x721750, 0xc00000e168, 0xc000168000)
	/home/evgen/go/src/github.com/vlasove/materials/tasks_2/utils/calendar/internal/app/apiserver/apiserver.go:106 +0x16c
net/http.HandlerFunc.ServeHTTP(0xc000012d90, 0x721750, 0xc00000e168, 0xc000168000)
	/usr/local/go/src/net/http/server.go:2069 +0x44
net/http.(*ServeMux).ServeHTTP(0xc00005e240, 0x721750, 0xc00000e168, 0xc000168000)
	/usr/local/go/src/net/http/server.go:2448 +0x1ad
github.com/vlasove/materials/tasks_2/utils/calendar/internal/app/apiserver.(*APIServer).loggingMiddleware.func1(0x721960, 0xc00014e0e0, 0xc000168000)
	/home/evgen/go/src/github.com/vlasove/materials/tasks_2/utils/calendar/internal/app/apiserver/middleware.go:17 +0x21d
net/http.HandlerFunc.ServeHTTP(0xc0000281c0, 0x721960, 0xc00014e0e0, 0xc000168000)
	/usr/local/go/src/net/http/server.go:2069 +0x44
net/http.serverHandler.ServeHTTP(0xc00014e000, 0x721960, 0xc00014e0e0, 0xc000168000)
	/usr/local/go/src/net/http/server.go:2887 +0xa3
net/http.(*conn).serve(0xc000108960, 0x721ea0, 0xc00005e2c0)
	/usr/local/go/src/net/http/server.go:1952 +0x8cd
created by net/http.(*Server).Serve
	/usr/local/go/src/net/http/server.go:3013 +0x39b
2021/08/08 18:16:16 logger configurated successfully
2021/08/08 18:16:16 database configurated successfully
2021/08/08 18:16:16 router configurated successfully
2021/08/08 18:16:16 starting api server at port: :8080
2021/08/08 18:16:18 started POST /create_event
2021/08/08 18:16:18 completed with 201 Created in 82.43µs
2021/08/08 18:16:23 started POST /create_event
2021/08/08 18:16:23 completed with 201 Created in 91.142µs
2021/08/08 18:16:28 started POST /create_event
2021/08/08 18:16:28 completed with 201 Created in 85.484µs
2021/08/08 18:16:44 started GET /events_for_day?date=2021-08-08
2021/08/08 18:16:44 [2021-08-08]
2021/08/08 18:16:44 completed with 200 OK in 304.896µs
2021/08/08 18:16:57 started POST /delete_event
2021/08/08 18:16:57 completed with 202 Accepted in 60.037µs
2021/08/08 18:17:01 started GET /events_for_day?date=2021-08-08
2021/08/08 18:17:01 [2021-08-08]
2021/08/08 18:17:01 completed with 200 OK in 135.815µs
2021/08/08 18:17:07 started POST /delete_event
2021/08/08 18:17:07 completed with 503 Service Unavailable in 106.089µs
2021/08/08 18:17:10 started POST /delete_event
2021/08/08 18:17:10 completed with 202 Accepted in 83.889µs
2021/08/08 18:17:12 started POST /delete_event
2021/08/08 18:17:12 completed with 202 Accepted in 61.136µs
2021/08/08 18:17:15 started GET /events_for_day?date=2021-08-08
2021/08/08 18:17:15 [2021-08-08]
2021/08/08 18:17:15 completed with 200 OK in 393.902µs
2021/08/08 18:18:27 logger configurated successfully
2021/08/08 18:18:27 database configurated successfully
2021/08/08 18:18:27 router configurated successfully
2021/08/08 18:18:27 starting api server at port: :8080
2021/08/08 18:18:32 started POST /create_event
2021/08/08 18:18:32 completed with 201 Created in 86.436µs
2021/08/08 18:18:33 started POST /create_event
2021/08/08 18:18:33 completed with 201 Created in 219.72µs
2021/08/08 18:18:33 started POST /create_event
2021/08/08 18:18:33 completed with 201 Created in 155.299µs
2021/08/08 18:18:36 started GET /events_for_day?date=2021-08-08
2021/08/08 18:18:36 [2021-08-08]
2021/08/08 18:18:36 completed with 200 OK in 378.023µs
2021/08/08 18:19:14 started POST /update_event
2021/08/08 18:19:14 completed with 400 Bad Request in 142.15µs
2021/08/08 18:19:20 started POST /update_event
2021/08/08 18:19:20 completed with 503 Service Unavailable in 113.697µs
2021/08/08 18:19:26 started GET /events_for_day?date=2021-08-08
2021/08/08 18:19:26 [2021-08-08]
2021/08/08 18:19:26 completed with 200 OK in 207.74µs
2021/08/08 18:21:39 logger configurated successfully
2021/08/08 18:21:39 database configurated successfully
2021/08/08 18:21:39 router configurated successfully
2021/08/08 18:21:39 starting api server at port: :8080
2021/08/08 18:21:42 started POST /create_event
2021/08/08 18:21:42 completed with 201 Created in 98.227µs
2021/08/08 18:21:43 started POST /create_event
2021/08/08 18:21:43 completed with 201 Created in 72.685µs
2021/08/08 18:21:44 started POST /create_event
2021/08/08 18:21:44 completed with 201 Created in 120.588µs
2021/08/08 18:21:47 started GET /events_for_day?date=2021-08-08
2021/08/08 18:21:47 [2021-08-08]
2021/08/08 18:21:47 completed with 200 OK in 446.781µs
2021/08/08 18:21:55 started GET /events_for_month?date=2021-08-01
2021/08/08 18:21:55 completed with 200 OK in 120.771µs
2021/08/08 18:22:03 started GET /events_for_week?date=2021-08-03
2021/08/08 18:22:03 [2021-08-03]
2021/08/08 18:22:03 completed with 200 OK in 439.358µs
2021/08/08 18:22:16 started GET /events_for_month?date=2021-08-01
2021/08/08 18:22:16 completed with 200 OK in 191.549µs
2021/08/08 18:22:20 started GET /events_for_day?date=2021-08-08
2021/08/08 18:22:20 [2021-08-08]
2021/08/08 18:22:20 completed with 200 OK in 129.524µs
2021/08/08 18:22:29 started POST /update_event
2021/08/08 18:22:29 completed with 202 Accepted in 76.476µs
2021/08/08 18:22:32 started GET /events_for_month?date=2021-08-01
2021/08/08 18:22:32 completed with 200 OK in 81.92µs
2021/08/08 18:22:42 started POST /delete_event
2021/08/08 18:22:42 completed with 202 Accepted in 60.786µs
2021/08/08 18:22:46 started GET /events_for_month?date=2021-08-01
2021/08/08 18:22:46 completed with 200 OK in 84.796µs
